<?xml version="1.0" encoding="UTF-8"?>
<!-- Generated by org.testng.reporters.JUnitReportReporter -->
<testsuite hostname="COG-WIN-MAC03" failures="0" tests="5" name="testcases.Location" time="349.204" errors="0" timestamp="2023-06-20T01:38:11 IST" skipped="0">
  <testcase classname="testcases.Location" name="addParentLocationValidation" time="98.855"/>
  <system-out/>
  <testcase classname="testcases.Location" name="addParentLocation" time="55.394"/>
  <system-out/>
  <testcase classname="testcases.Location" name="addChildLocation" time="67.299"/>
  <system-out/>
  <testcase classname="testcases.Location" name="editLocation" time="76.509"/>
  <system-out/>
  <testcase classname="testcases.Location" name="LocationListing" time="51.147"/>
  <system-out/>
</testsuite> <!-- testcases.Location -->
