<?xml version="1.0" encoding="UTF-8"?>
<!-- Generated by org.testng.reporters.JUnitReportReporter -->
<testsuite hostname="COG-WIN-MAC04" failures="0" tests="4" name="testcases.LoginAuthorization" time="174.726" errors="0" timestamp="2022-07-18T17:21:59 IST" skipped="1">
  <testcase classname="testcases.LoginAuthorization" name="addLoginAuthorization" time="33.862"/>
  <system-out/>
  <testcase classname="testcases.LoginAuthorization" name="EditLoginAuthorization" time="65.165"/>
  <system-out/>
  <testcase classname="testcases.LoginAuthorization" name="TripListing" time="75.699"/>
  <system-out/>
  <testcase classname="testcases.LoginAuthorization" name="validationCheck">
    <skipped/>
  </testcase> <!-- validationCheck -->
  <system-out/>
</testsuite> <!-- testcases.LoginAuthorization -->
