<?xml version="1.0" encoding="UTF-8"?>
<!-- Generated by org.testng.reporters.JUnitReportReporter -->
<testsuite hostname="COG-SYS-082" failures="0" tests="2" name="testcases.Announcement" time="43.586" errors="0" timestamp="2024-04-01T12:53:22 IST" skipped="1">
  <testcase classname="testcases.Announcement" name="ValidationCheck" time="43.586"/>
  <system-out/>
  <testcase classname="testcases.Announcement" name="AddSearchDeleteAnnoncement">
    <skipped/>
  </testcase> <!-- AddSearchDeleteAnnoncement -->
  <system-out/>
</testsuite> <!-- testcases.Announcement -->
